  [1m[35m (771.2ms)[0m  [1m[35mCREATE DATABASE "yum_backend_development" ENCODING = 'unicode'[0m
  [1m[35m (346.6ms)[0m  [1m[35mCREATE DATABASE "yum_backend_test" ENCODING = 'unicode'[0m
  [1m[35m (102.8ms)[0m  [1m[35mCREATE TABLE "schema_migrations" ("version" character varying NOT NULL PRIMARY KEY)[0m
  [1m[35m (33.3ms)[0m  [1m[35mCREATE TABLE "ar_internal_metadata" ("key" character varying NOT NULL PRIMARY KEY, "value" character varying, "created_at" timestamp(6) NOT NULL, "updated_at" timestamp(6) NOT NULL)[0m
  [1m[35m (1.5ms)[0m  [1m[34mSELECT pg_try_advisory_lock(3464250698455154685)[0m
  [1m[36mActiveRecord::SchemaMigration Pluck (2.0ms)[0m  [1m[34mSELECT "schema_migrations"."version" FROM "schema_migrations" ORDER BY "schema_migrations"."version" ASC[0m
Migrating to DeviseCreateUsers (20230516170849)
  [1m[36mTRANSACTION (9.8ms)[0m  [1m[35mBEGIN[0m
  [1m[35m (16.7ms)[0m  [1m[35mCREATE TABLE "users" ("id" bigserial primary key, "email" character varying DEFAULT '' NOT NULL, "encrypted_password" character varying DEFAULT '' NOT NULL, "reset_password_token" character varying, "reset_password_sent_at" timestamp(6), "remember_created_at" timestamp(6), "created_at" timestamp(6) NOT NULL, "updated_at" timestamp(6) NOT NULL)[0m
  [1m[35m (28.1ms)[0m  [1m[35mCREATE UNIQUE INDEX "index_users_on_email" ON "users" ("email")[0m
  [1m[35m (1.5ms)[0m  [1m[35mCREATE UNIQUE INDEX "index_users_on_reset_password_token" ON "users" ("reset_password_token")[0m
  [1m[36mActiveRecord::SchemaMigration Create (18.6ms)[0m  [1m[32mINSERT INTO "schema_migrations" ("version") VALUES ($1) RETURNING "version"[0m  [["version", "20230516170849"]]
  [1m[36mTRANSACTION (0.9ms)[0m  [1m[35mCOMMIT[0m
  [1m[36mActiveRecord::InternalMetadata Load (1.0ms)[0m  [1m[34mSELECT "ar_internal_metadata".* FROM "ar_internal_metadata" WHERE "ar_internal_metadata"."key" = $1 LIMIT $2[0m  [["key", "environment"], ["LIMIT", 1]]
  [1m[36mTRANSACTION (0.4ms)[0m  [1m[35mBEGIN[0m
  [1m[36mActiveRecord::InternalMetadata Create (2.4ms)[0m  [1m[32mINSERT INTO "ar_internal_metadata" ("key", "value", "created_at", "updated_at") VALUES ($1, $2, $3, $4) RETURNING "key"[0m  [["key", "environment"], ["value", "development"], ["created_at", "2023-05-16 17:13:02.268759"], ["updated_at", "2023-05-16 17:13:02.268759"]]
  [1m[36mTRANSACTION (0.9ms)[0m  [1m[35mCOMMIT[0m
  [1m[35m (24.7ms)[0m  [1m[34mSELECT pg_advisory_unlock(3464250698455154685)[0m
  [1m[36mActiveRecord::SchemaMigration Pluck (2.6ms)[0m  [1m[34mSELECT "schema_migrations"."version" FROM "schema_migrations" ORDER BY "schema_migrations"."version" ASC[0m
  [1m[35m (0.4ms)[0m  [1m[34mSELECT pg_try_advisory_lock(3464250698455154685)[0m
  [1m[36mActiveRecord::SchemaMigration Pluck (1.0ms)[0m  [1m[34mSELECT "schema_migrations"."version" FROM "schema_migrations" ORDER BY "schema_migrations"."version" ASC[0m
Migrating to CreateRecipes (20230516171647)
  [1m[36mTRANSACTION (0.2ms)[0m  [1m[35mBEGIN[0m
  [1m[35m (42.7ms)[0m  [1m[35mCREATE TABLE "recipes" ("id" bigserial primary key, "title" character varying, "ingredients" text, "instructions" text, "vegetarian" boolean, "image" text, "cook_time" character varying, "prep_time" character varying, "created_at" timestamp(6) NOT NULL, "updated_at" timestamp(6) NOT NULL)[0m
  [1m[36mActiveRecord::SchemaMigration Create (0.6ms)[0m  [1m[32mINSERT INTO "schema_migrations" ("version") VALUES ($1) RETURNING "version"[0m  [["version", "20230516171647"]]
  [1m[36mTRANSACTION (1.5ms)[0m  [1m[35mCOMMIT[0m
  [1m[36mActiveRecord::InternalMetadata Load (2.1ms)[0m  [1m[34mSELECT "ar_internal_metadata".* FROM "ar_internal_metadata" WHERE "ar_internal_metadata"."key" = $1 LIMIT $2[0m  [["key", "environment"], ["LIMIT", 1]]
  [1m[35m (25.6ms)[0m  [1m[34mSELECT pg_advisory_unlock(3464250698455154685)[0m
  [1m[36mActiveRecord::SchemaMigration Pluck (1.2ms)[0m  [1m[34mSELECT "schema_migrations"."version" FROM "schema_migrations" ORDER BY "schema_migrations"."version" ASC[0m
  [1m[36mActiveRecord::SchemaMigration Pluck (26.6ms)[0m  [1m[34mSELECT "schema_migrations"."version" FROM "schema_migrations" ORDER BY "schema_migrations"."version" ASC[0m
  [1m[36mUser Load (3.5ms)[0m  [1m[34mSELECT "users".* FROM "users" WHERE "users"."email" = $1 ORDER BY "users"."id" ASC LIMIT $2[0m  [["email", "test1@example.com"], ["LIMIT", 1]]
  [1m[36mTRANSACTION (0.3ms)[0m  [1m[35mBEGIN[0m
  [1m[36mUser Exists? (0.6ms)[0m  [1m[34mSELECT 1 AS one FROM "users" WHERE "users"."email" = $1 LIMIT $2[0m  [["email", "test1@example.com"], ["LIMIT", 1]]
  [1m[36mUser Create (27.4ms)[0m  [1m[32mINSERT INTO "users" ("email", "encrypted_password", "reset_password_token", "reset_password_sent_at", "remember_created_at", "created_at", "updated_at") VALUES ($1, $2, $3, $4, $5, $6, $7) RETURNING "id"[0m  [["email", "test1@example.com"], ["encrypted_password", "[FILTERED]"], ["reset_password_token", "[FILTERED]"], ["reset_password_sent_at", "[FILTERED]"], ["remember_created_at", nil], ["created_at", "2023-05-16 17:38:03.144366"], ["updated_at", "2023-05-16 17:38:03.144366"]]
  [1m[36mTRANSACTION (2.5ms)[0m  [1m[35mCOMMIT[0m
  [1m[36mUser Load (0.6ms)[0m  [1m[34mSELECT "users".* FROM "users" WHERE "users"."email" = $1 ORDER BY "users"."id" ASC LIMIT $2[0m  [["email", "test2@example.com"], ["LIMIT", 1]]
  [1m[36mTRANSACTION (0.3ms)[0m  [1m[35mBEGIN[0m
  [1m[36mUser Exists? (0.6ms)[0m  [1m[34mSELECT 1 AS one FROM "users" WHERE "users"."email" = $1 LIMIT $2[0m  [["email", "test2@example.com"], ["LIMIT", 1]]
  [1m[36mUser Create (0.8ms)[0m  [1m[32mINSERT INTO "users" ("email", "encrypted_password", "reset_password_token", "reset_password_sent_at", "remember_created_at", "created_at", "updated_at") VALUES ($1, $2, $3, $4, $5, $6, $7) RETURNING "id"[0m  [["email", "test2@example.com"], ["encrypted_password", "[FILTERED]"], ["reset_password_token", "[FILTERED]"], ["reset_password_sent_at", "[FILTERED]"], ["remember_created_at", nil], ["created_at", "2023-05-16 17:38:03.742084"], ["updated_at", "2023-05-16 17:38:03.742084"]]
  [1m[36mTRANSACTION (25.7ms)[0m  [1m[35mCOMMIT[0m
  [1m[35m (0.4ms)[0m  [1m[34mSELECT pg_try_advisory_lock(3464250698455154685)[0m
  [1m[36mActiveRecord::SchemaMigration Pluck (0.9ms)[0m  [1m[34mSELECT "schema_migrations"."version" FROM "schema_migrations" ORDER BY "schema_migrations"."version" ASC[0m
  [1m[36mActiveRecord::InternalMetadata Load (0.9ms)[0m  [1m[34mSELECT "ar_internal_metadata".* FROM "ar_internal_metadata" WHERE "ar_internal_metadata"."key" = $1 LIMIT $2[0m  [["key", "environment"], ["LIMIT", 1]]
  [1m[35m (23.4ms)[0m  [1m[34mSELECT pg_advisory_unlock(3464250698455154685)[0m
  [1m[36mActiveRecord::SchemaMigration Pluck (25.9ms)[0m  [1m[34mSELECT "schema_migrations"."version" FROM "schema_migrations" ORDER BY "schema_migrations"."version" ASC[0m
  [1m[36mActiveRecord::SchemaMigration Pluck (1.5ms)[0m  [1m[34mSELECT "schema_migrations"."version" FROM "schema_migrations" ORDER BY "schema_migrations"."version" ASC[0m
  [1m[36mUser Load (26.5ms)[0m  [1m[34mSELECT "users".* FROM "users" WHERE "users"."email" = $1 ORDER BY "users"."id" ASC LIMIT $2[0m  [["email", "test1@example.com"], ["LIMIT", 1]]
  [1m[36mUser Load (0.6ms)[0m  [1m[34mSELECT "users".* FROM "users" WHERE "users"."email" = $1 ORDER BY "users"."id" ASC LIMIT $2[0m  [["email", "test2@example.com"], ["LIMIT", 1]]
  [1m[35m (0.6ms)[0m  [1m[34mSELECT pg_try_advisory_lock(3464250698455154685)[0m
  [1m[36mActiveRecord::SchemaMigration Pluck (0.9ms)[0m  [1m[34mSELECT "schema_migrations"."version" FROM "schema_migrations" ORDER BY "schema_migrations"."version" ASC[0m
Migrating to AddUserIdToRecipes (20230516174248)
  [1m[36mTRANSACTION (21.1ms)[0m  [1m[35mBEGIN[0m
  [1m[35m (4.1ms)[0m  [1m[35mALTER TABLE "recipes" ADD "user_id" integer[0m
  [1m[36mActiveRecord::SchemaMigration Create (0.6ms)[0m  [1m[32mINSERT INTO "schema_migrations" ("version") VALUES ($1) RETURNING "version"[0m  [["version", "20230516174248"]]
  [1m[36mTRANSACTION (1.2ms)[0m  [1m[35mCOMMIT[0m
  [1m[36mActiveRecord::InternalMetadata Load (1.0ms)[0m  [1m[34mSELECT "ar_internal_metadata".* FROM "ar_internal_metadata" WHERE "ar_internal_metadata"."key" = $1 LIMIT $2[0m  [["key", "environment"], ["LIMIT", 1]]
  [1m[35m (0.6ms)[0m  [1m[34mSELECT pg_advisory_unlock(3464250698455154685)[0m
  [1m[36mActiveRecord::SchemaMigration Pluck (1.6ms)[0m  [1m[34mSELECT "schema_migrations"."version" FROM "schema_migrations" ORDER BY "schema_migrations"."version" ASC[0m
  [1m[36mActiveRecord::SchemaMigration Pluck (1.9ms)[0m  [1m[34mSELECT "schema_migrations"."version" FROM "schema_migrations" ORDER BY "schema_migrations"."version" ASC[0m
  [1m[36mUser Load (0.9ms)[0m  [1m[34mSELECT "users".* FROM "users" WHERE "users"."email" = $1 ORDER BY "users"."id" ASC LIMIT $2[0m  [["email", "test1@example.com"], ["LIMIT", 1]]
  [1m[36mUser Load (23.7ms)[0m  [1m[34mSELECT "users".* FROM "users" WHERE "users"."email" = $1 ORDER BY "users"."id" ASC LIMIT $2[0m  [["email", "test2@example.com"], ["LIMIT", 1]]
  [1m[36mTRANSACTION (11.5ms)[0m  [1m[35mBEGIN[0m
  [1m[36mRecipe Create (1.8ms)[0m  [1m[32mINSERT INTO "recipes" ("title", "ingredients", "instructions", "vegetarian", "image", "cook_time", "prep_time", "created_at", "updated_at", "user_id") VALUES ($1, $2, $3, $4, $5, $6, $7, $8, $9, $10) RETURNING "id"[0m  [["title", "Veggie Garlic Noodles"], ["ingredients", "2 tablespoons vegetable oil\n        5 cloves garlic, minced\n        4 green onions, sliced, divided\n        2 carrots, cut into matchsticks\n        1 cup snap peas\n        2 tablespoons brown sugar\n        3 tablespoons soy sauce\n        9 oz dried rice noodles, cooked"], ["instructions", "Heat the vegetable oil in a large skillet over medium heat. Add the garlic and 3 green onions and cook for 2–3 minutes, until fragrant and tender. Add the carrots and snap peas, then stir in the brown sugar and soy sauce.\n        Add the noodles and toss for a couple of minutes, until the noodles are well-coated and the vegetables are tender. Season with salt and pepper.\n        Serve immediately, garnished with the remaining green onion.\n        Enjoy!"], ["vegetarian", true], ["image", "https://encrypted-tbn0.gstatic.com/images?q=tbn:ANd9GcRRDiXDCEvnuS2q47QcKG26W3RhJBDw6s9ksasyY_VfORbOADsnQ0wIubkUWRKOWB2_LY4&usqp=CAU"], ["cook_time", "15 minutes"], ["prep_time", "15 minutes"], ["created_at", "2023-05-16 17:44:19.448346"], ["updated_at", "2023-05-16 17:44:19.448346"], ["user_id", 1]]
  [1m[36mTRANSACTION (0.7ms)[0m  [1m[35mCOMMIT[0m
  [1m[36mRecipe Load (0.9ms)[0m  [1m[34mSELECT "recipes".* FROM "recipes"[0m
Started GET "/recipes" for ::1 at 2023-05-18 14:04:29 -0700
  [1m[36mActiveRecord::SchemaMigration Pluck (2.4ms)[0m  [1m[34mSELECT "schema_migrations"."version" FROM "schema_migrations" ORDER BY "schema_migrations"."version" ASC[0m
Processing by RecipesController#index as */*
  [1m[36mRecipe Load (16.3ms)[0m  [1m[34mSELECT "recipes".* FROM "recipes"[0m
  ↳ app/controllers/recipes_controller.rb:5:in `index'
Completed 200 OK in 155ms (Views: 32.3ms | ActiveRecord: 32.0ms | Allocations: 10443)


Started GET "/recipes" for ::1 at 2023-05-18 14:04:30 -0700
Processing by RecipesController#index as */*
  [1m[36mRecipe Load (0.9ms)[0m  [1m[34mSELECT "recipes".* FROM "recipes"[0m
  ↳ app/controllers/recipes_controller.rb:5:in `index'
Completed 200 OK in 20ms (Views: 17.4ms | ActiveRecord: 0.9ms | Allocations: 906)


Started GET "/recipes" for ::1 at 2023-05-18 14:17:04 -0700
Processing by RecipesController#index as */*
  [1m[36mRecipe Load (2.5ms)[0m  [1m[34mSELECT "recipes".* FROM "recipes"[0m
  ↳ app/controllers/recipes_controller.rb:5:in `index'
Completed 200 OK in 133ms (Views: 126.7ms | ActiveRecord: 74.4ms | Allocations: 3924)


Started GET "/recipes" for ::1 at 2023-05-18 14:17:04 -0700
Processing by RecipesController#index as */*
  [1m[36mRecipe Load (39.0ms)[0m  [1m[34mSELECT "recipes".* FROM "recipes"[0m
  ↳ app/controllers/recipes_controller.rb:5:in `index'
Completed 200 OK in 46ms (Views: 5.1ms | ActiveRecord: 39.0ms | Allocations: 905)


Started GET "/recipes" for ::1 at 2023-05-18 15:15:39 -0700
Processing by RecipesController#index as */*
  [1m[36mRecipe Load (5.5ms)[0m  [1m[34mSELECT "recipes".* FROM "recipes"[0m
  ↳ app/controllers/recipes_controller.rb:5:in `index'
Completed 200 OK in 319ms (Views: 307.5ms | ActiveRecord: 106.9ms | Allocations: 3909)


Started GET "/recipes" for ::1 at 2023-05-18 15:15:39 -0700
Processing by RecipesController#index as */*
  [1m[36mRecipe Load (1.4ms)[0m  [1m[34mSELECT "recipes".* FROM "recipes"[0m
  ↳ app/controllers/recipes_controller.rb:5:in `index'
Completed 200 OK in 472ms (Views: 467.3ms | ActiveRecord: 1.4ms | Allocations: 909)


Started GET "/recipes" for ::1 at 2023-05-18 15:15:46 -0700
Processing by RecipesController#index as */*
  [1m[36mRecipe Load (1.3ms)[0m  [1m[34mSELECT "recipes".* FROM "recipes"[0m
  ↳ app/controllers/recipes_controller.rb:5:in `index'
Completed 200 OK in 28ms (Views: 24.0ms | ActiveRecord: 1.3ms | Allocations: 916)


Started GET "/recipes" for ::1 at 2023-05-18 15:15:46 -0700
Processing by RecipesController#index as */*
  [1m[36mRecipe Load (96.5ms)[0m  [1m[34mSELECT "recipes".* FROM "recipes"[0m
  ↳ app/controllers/recipes_controller.rb:5:in `index'
Completed 200 OK in 127ms (Views: 20.5ms | ActiveRecord: 96.5ms | Allocations: 905)


Started GET "/recipes" for ::1 at 2023-05-18 15:25:02 -0700
Processing by RecipesController#index as */*
  [1m[36mRecipe Load (2.7ms)[0m  [1m[34mSELECT "recipes".* FROM "recipes"[0m
  ↳ app/controllers/recipes_controller.rb:5:in `index'
Completed 200 OK in 447ms (Views: 433.2ms | ActiveRecord: 95.6ms | Allocations: 3934)


Started GET "/recipes" for ::1 at 2023-05-18 15:25:02 -0700
Processing by RecipesController#index as */*
  [1m[36mRecipe Load (52.4ms)[0m  [1m[34mSELECT "recipes".* FROM "recipes"[0m
  ↳ app/controllers/recipes_controller.rb:5:in `index'
Completed 200 OK in 135ms (Views: 78.1ms | ActiveRecord: 52.4ms | Allocations: 906)


Started GET "/recipes" for ::1 at 2023-05-18 15:34:04 -0700
Processing by RecipesController#index as */*
  [1m[36mRecipe Load (1.3ms)[0m  [1m[34mSELECT "recipes".* FROM "recipes"[0m
  ↳ app/controllers/recipes_controller.rb:5:in `index'
Completed 200 OK in 160ms (Views: 151.7ms | ActiveRecord: 55.3ms | Allocations: 3897)


Started GET "/recipes" for ::1 at 2023-05-18 15:34:05 -0700
Processing by RecipesController#index as */*
  [1m[36mRecipe Load (1.1ms)[0m  [1m[34mSELECT "recipes".* FROM "recipes"[0m
  ↳ app/controllers/recipes_controller.rb:5:in `index'
Completed 200 OK in 27ms (Views: 24.3ms | ActiveRecord: 1.1ms | Allocations: 905)


Started GET "/recipes" for ::1 at 2023-05-18 15:36:18 -0700
Processing by RecipesController#index as */*
  [1m[36mRecipe Load (1.2ms)[0m  [1m[34mSELECT "recipes".* FROM "recipes"[0m
  ↳ app/controllers/recipes_controller.rb:5:in `index'
Completed 200 OK in 68ms (Views: 66.5ms | ActiveRecord: 1.2ms | Allocations: 905)


Started GET "/recipes" for ::1 at 2023-05-18 15:36:18 -0700
Processing by RecipesController#index as */*
  [1m[36mRecipe Load (0.5ms)[0m  [1m[34mSELECT "recipes".* FROM "recipes"[0m
  ↳ app/controllers/recipes_controller.rb:5:in `index'
Completed 200 OK in 6ms (Views: 4.6ms | ActiveRecord: 0.5ms | Allocations: 905)


Started GET "/recipes" for ::1 at 2023-05-18 15:43:47 -0700
Processing by RecipesController#index as */*
  [1m[36mRecipe Load (0.9ms)[0m  [1m[34mSELECT "recipes".* FROM "recipes"[0m
  ↳ app/controllers/recipes_controller.rb:5:in `index'
Completed 200 OK in 163ms (Views: 157.5ms | ActiveRecord: 19.9ms | Allocations: 3897)


Started GET "/recipes" for ::1 at 2023-05-18 15:43:47 -0700
Processing by RecipesController#index as */*
  [1m[36mRecipe Load (0.7ms)[0m  [1m[34mSELECT "recipes".* FROM "recipes"[0m
  ↳ app/controllers/recipes_controller.rb:5:in `index'
Completed 200 OK in 53ms (Views: 50.8ms | ActiveRecord: 0.7ms | Allocations: 905)


Started GET "/recipes" for ::1 at 2023-05-18 15:46:30 -0700
Processing by RecipesController#index as */*
  [1m[36mRecipe Load (3.5ms)[0m  [1m[34mSELECT "recipes".* FROM "recipes"[0m
  ↳ app/controllers/recipes_controller.rb:5:in `index'
Completed 200 OK in 84ms (Views: 79.0ms | ActiveRecord: 3.5ms | Allocations: 905)


Started GET "/recipes" for ::1 at 2023-05-18 15:46:30 -0700
Processing by RecipesController#index as */*
  [1m[36mRecipe Load (1.2ms)[0m  [1m[34mSELECT "recipes".* FROM "recipes"[0m
  ↳ app/controllers/recipes_controller.rb:5:in `index'
Completed 200 OK in 7ms (Views: 4.6ms | ActiveRecord: 1.2ms | Allocations: 905)


Started GET "/recipes" for ::1 at 2023-05-18 15:47:54 -0700
Processing by RecipesController#index as */*
  [1m[36mRecipe Load (0.7ms)[0m  [1m[34mSELECT "recipes".* FROM "recipes"[0m
  ↳ app/controllers/recipes_controller.rb:5:in `index'
Completed 200 OK in 62ms (Views: 56.9ms | ActiveRecord: 0.7ms | Allocations: 906)


Started GET "/recipes" for ::1 at 2023-05-18 15:47:54 -0700
Processing by RecipesController#index as */*
  [1m[36mRecipe Load (0.5ms)[0m  [1m[34mSELECT "recipes".* FROM "recipes"[0m
  ↳ app/controllers/recipes_controller.rb:5:in `index'
Completed 200 OK in 33ms (Views: 2.5ms | ActiveRecord: 0.5ms | Allocations: 906)


Started GET "/recipes" for ::1 at 2023-05-18 15:51:11 -0700
Processing by RecipesController#index as */*
  [1m[36mRecipe Load (3.2ms)[0m  [1m[34mSELECT "recipes".* FROM "recipes"[0m
  ↳ app/controllers/recipes_controller.rb:5:in `index'
Completed 200 OK in 39ms (Views: 30.4ms | ActiveRecord: 3.2ms | Allocations: 905)


Started GET "/recipes" for ::1 at 2023-05-18 15:51:11 -0700
Processing by RecipesController#index as */*
  [1m[36mRecipe Load (2.3ms)[0m  [1m[34mSELECT "recipes".* FROM "recipes"[0m
  ↳ app/controllers/recipes_controller.rb:5:in `index'
Completed 200 OK in 9ms (Views: 5.4ms | ActiveRecord: 2.3ms | Allocations: 905)


Started GET "/recipes" for ::1 at 2023-05-18 15:52:06 -0700
Processing by RecipesController#index as */*
  [1m[36mRecipe Load (365.0ms)[0m  [1m[34mSELECT "recipes".* FROM "recipes"[0m
  ↳ app/controllers/recipes_controller.rb:5:in `index'
Completed 200 OK in 404ms (Views: 33.9ms | ActiveRecord: 365.0ms | Allocations: 910)


Started GET "/recipes" for ::1 at 2023-05-18 15:52:07 -0700
Processing by RecipesController#index as */*
  [1m[36mRecipe Load (0.9ms)[0m  [1m[34mSELECT "recipes".* FROM "recipes"[0m
  ↳ app/controllers/recipes_controller.rb:5:in `index'
Completed 200 OK in 88ms (Views: 85.2ms | ActiveRecord: 0.9ms | Allocations: 905)


Started GET "/recipes" for ::1 at 2023-05-18 16:02:02 -0700
Processing by RecipesController#index as */*
  [1m[36mRecipe Load (31.2ms)[0m  [1m[34mSELECT "recipes".* FROM "recipes"[0m
  ↳ app/controllers/recipes_controller.rb:5:in `index'
Completed 200 OK in 952ms (Views: 932.6ms | ActiveRecord: 409.0ms | Allocations: 3924)


Started GET "/recipes" for ::1 at 2023-05-18 16:02:03 -0700
Processing by RecipesController#index as */*
  [1m[36mRecipe Load (15.2ms)[0m  [1m[34mSELECT "recipes".* FROM "recipes"[0m
  ↳ app/controllers/recipes_controller.rb:5:in `index'
Completed 200 OK in 49ms (Views: 16.7ms | ActiveRecord: 15.2ms | Allocations: 905)


Started GET "/recipes" for ::1 at 2023-05-18 16:05:31 -0700
Processing by RecipesController#index as */*
  [1m[36mRecipe Load (2.6ms)[0m  [1m[34mSELECT "recipes".* FROM "recipes"[0m
  ↳ app/controllers/recipes_controller.rb:5:in `index'
Completed 200 OK in 81ms (Views: 58.2ms | ActiveRecord: 2.6ms | Allocations: 905)


Started GET "/recipes" for ::1 at 2023-05-18 16:05:31 -0700
Processing by RecipesController#index as */*
  [1m[36mRecipe Load (2.4ms)[0m  [1m[34mSELECT "recipes".* FROM "recipes"[0m
  ↳ app/controllers/recipes_controller.rb:5:in `index'
Completed 200 OK in 46ms (Views: 34.8ms | ActiveRecord: 2.4ms | Allocations: 905)


Started GET "/recipes" for ::1 at 2023-05-18 16:08:51 -0700
Processing by RecipesController#index as */*
  [1m[36mRecipe Load (24.6ms)[0m  [1m[34mSELECT "recipes".* FROM "recipes"[0m
  ↳ app/controllers/recipes_controller.rb:5:in `index'
Completed 200 OK in 147ms (Views: 106.3ms | ActiveRecord: 24.6ms | Allocations: 905)


Started GET "/recipes" for ::1 at 2023-05-18 16:08:51 -0700
Processing by RecipesController#index as */*
  [1m[36mRecipe Load (2.3ms)[0m  [1m[34mSELECT "recipes".* FROM "recipes"[0m
  ↳ app/controllers/recipes_controller.rb:5:in `index'
Completed 200 OK in 49ms (Views: 42.4ms | ActiveRecord: 2.3ms | Allocations: 905)


Started GET "/recipes" for ::1 at 2023-05-18 16:12:28 -0700
Processing by RecipesController#index as */*
  [1m[36mRecipe Load (27.9ms)[0m  [1m[34mSELECT "recipes".* FROM "recipes"[0m
  ↳ app/controllers/recipes_controller.rb:5:in `index'
Completed 200 OK in 85ms (Views: 48.2ms | ActiveRecord: 27.9ms | Allocations: 905)


Started GET "/recipes" for ::1 at 2023-05-18 16:12:28 -0700
Processing by RecipesController#index as */*
  [1m[36mRecipe Load (1.7ms)[0m  [1m[34mSELECT "recipes".* FROM "recipes"[0m
  ↳ app/controllers/recipes_controller.rb:5:in `index'
Completed 200 OK in 15ms (Views: 8.6ms | ActiveRecord: 1.7ms | Allocations: 905)


Started GET "/recipes" for ::1 at 2023-05-18 16:16:13 -0700
Processing by RecipesController#index as */*
  [1m[36mRecipe Load (13.2ms)[0m  [1m[34mSELECT "recipes".* FROM "recipes"[0m
  ↳ app/controllers/recipes_controller.rb:5:in `index'
Completed 200 OK in 61ms (Views: 41.1ms | ActiveRecord: 13.2ms | Allocations: 905)


Started GET "/recipes" for ::1 at 2023-05-18 16:16:13 -0700
Processing by RecipesController#index as */*
  [1m[36mRecipe Load (2.9ms)[0m  [1m[34mSELECT "recipes".* FROM "recipes"[0m
  ↳ app/controllers/recipes_controller.rb:5:in `index'
Completed 200 OK in 30ms (Views: 26.5ms | ActiveRecord: 2.9ms | Allocations: 905)


Started GET "/recipes" for ::1 at 2023-05-18 16:18:28 -0700
Processing by RecipesController#index as */*
  [1m[36mRecipe Load (6.4ms)[0m  [1m[34mSELECT "recipes".* FROM "recipes"[0m
  ↳ app/controllers/recipes_controller.rb:5:in `index'
Completed 200 OK in 227ms (Views: 206.1ms | ActiveRecord: 6.4ms | Allocations: 906)


Started GET "/recipes" for ::1 at 2023-05-18 16:18:29 -0700
Processing by RecipesController#index as */*
  [1m[36mRecipe Load (39.2ms)[0m  [1m[34mSELECT "recipes".* FROM "recipes"[0m
  ↳ app/controllers/recipes_controller.rb:5:in `index'
Completed 200 OK in 100ms (Views: 55.6ms | ActiveRecord: 39.2ms | Allocations: 905)


Started GET "/recipes" for ::1 at 2023-05-18 16:18:32 -0700
Processing by RecipesController#index as */*
  [1m[36mRecipe Load (2.1ms)[0m  [1m[34mSELECT "recipes".* FROM "recipes"[0m
  ↳ app/controllers/recipes_controller.rb:5:in `index'
Completed 200 OK in 28ms (Views: 22.8ms | ActiveRecord: 2.1ms | Allocations: 905)


Started GET "/recipes" for ::1 at 2023-05-18 16:18:32 -0700
Processing by RecipesController#index as */*
  [1m[36mRecipe Load (1.3ms)[0m  [1m[34mSELECT "recipes".* FROM "recipes"[0m
  ↳ app/controllers/recipes_controller.rb:5:in `index'
Completed 200 OK in 38ms (Views: 28.5ms | ActiveRecord: 1.3ms | Allocations: 905)


Started GET "/recipes" for ::1 at 2023-05-18 19:29:16 -0700
  [1m[36mActiveRecord::SchemaMigration Pluck (28.0ms)[0m  [1m[34mSELECT "schema_migrations"."version" FROM "schema_migrations" ORDER BY "schema_migrations"."version" ASC[0m
Processing by RecipesController#index as */*
  [1m[36mRecipe Load (1.5ms)[0m  [1m[34mSELECT "recipes".* FROM "recipes"[0m
  ↳ app/controllers/recipes_controller.rb:5:in `index'
Completed 200 OK in 46ms (Views: 14.4ms | ActiveRecord: 16.7ms | Allocations: 10407)


Started GET "/recipes" for ::1 at 2023-05-18 19:29:16 -0700
Processing by RecipesController#index as */*
  [1m[36mRecipe Load (0.5ms)[0m  [1m[34mSELECT "recipes".* FROM "recipes"[0m
  ↳ app/controllers/recipes_controller.rb:5:in `index'
Completed 200 OK in 3ms (Views: 1.9ms | ActiveRecord: 0.5ms | Allocations: 906)


Started GET "/recipes" for ::1 at 2023-05-18 19:30:36 -0700
Processing by RecipesController#index as */*
  [1m[36mRecipe Load (0.4ms)[0m  [1m[34mSELECT "recipes".* FROM "recipes"[0m
  ↳ app/controllers/recipes_controller.rb:5:in `index'
Completed 200 OK in 4ms (Views: 2.8ms | ActiveRecord: 0.4ms | Allocations: 916)


Started GET "/recipes" for ::1 at 2023-05-18 19:30:36 -0700
Processing by RecipesController#index as */*
  [1m[36mRecipe Load (0.4ms)[0m  [1m[34mSELECT "recipes".* FROM "recipes"[0m
  ↳ app/controllers/recipes_controller.rb:5:in `index'
Completed 200 OK in 3ms (Views: 1.8ms | ActiveRecord: 0.4ms | Allocations: 905)


Started GET "/recipes" for ::1 at 2023-05-18 19:31:50 -0700
Processing by RecipesController#index as */*
  [1m[36mRecipe Load (30.2ms)[0m  [1m[34mSELECT "recipes".* FROM "recipes"[0m
  ↳ app/controllers/recipes_controller.rb:5:in `index'
Completed 200 OK in 140ms (Views: 94.4ms | ActiveRecord: 30.2ms | Allocations: 916)


Started GET "/recipes" for ::1 at 2023-05-18 19:31:50 -0700
Processing by RecipesController#index as */*
  [1m[36mRecipe Load (3.2ms)[0m  [1m[34mSELECT "recipes".* FROM "recipes"[0m
  ↳ app/controllers/recipes_controller.rb:5:in `index'
Completed 200 OK in 35ms (Views: 27.9ms | ActiveRecord: 3.2ms | Allocations: 908)


Started GET "/recipes" for ::1 at 2023-05-18 19:36:24 -0700
Processing by RecipesController#index as */*
  [1m[36mRecipe Load (31.6ms)[0m  [1m[34mSELECT "recipes".* FROM "recipes"[0m
  ↳ app/controllers/recipes_controller.rb:5:in `index'
Completed 200 OK in 59ms (Views: 23.1ms | ActiveRecord: 31.6ms | Allocations: 917)


Started GET "/recipes" for ::1 at 2023-05-18 19:36:24 -0700
Processing by RecipesController#index as */*
  [1m[36mRecipe Load (2.4ms)[0m  [1m[34mSELECT "recipes".* FROM "recipes"[0m
  ↳ app/controllers/recipes_controller.rb:5:in `index'
Completed 200 OK in 8ms (Views: 4.5ms | ActiveRecord: 2.4ms | Allocations: 905)


Started GET "/recipes" for ::1 at 2023-05-18 19:37:19 -0700
Processing by RecipesController#index as */*
  [1m[36mRecipe Load (1.8ms)[0m  [1m[34mSELECT "recipes".* FROM "recipes"[0m
  ↳ app/controllers/recipes_controller.rb:5:in `index'
Completed 200 OK in 19ms (Views: 14.7ms | ActiveRecord: 1.8ms | Allocations: 916)


Started GET "/recipes" for ::1 at 2023-05-18 19:37:19 -0700
Processing by RecipesController#index as */*
  [1m[36mRecipe Load (1.5ms)[0m  [1m[34mSELECT "recipes".* FROM "recipes"[0m
  ↳ app/controllers/recipes_controller.rb:5:in `index'
Completed 200 OK in 289ms (Views: 284.2ms | ActiveRecord: 1.5ms | Allocations: 906)


Started GET "/recipes" for ::1 at 2023-05-18 19:38:40 -0700
Processing by RecipesController#index as */*
  [1m[36mRecipe Load (2.9ms)[0m  [1m[34mSELECT "recipes".* FROM "recipes"[0m
  ↳ app/controllers/recipes_controller.rb:5:in `index'
Completed 200 OK in 114ms (Views: 105.9ms | ActiveRecord: 2.9ms | Allocations: 905)


Started GET "/recipes" for ::1 at 2023-05-18 19:38:40 -0700
Processing by RecipesController#index as */*
  [1m[36mRecipe Load (2.4ms)[0m  [1m[34mSELECT "recipes".* FROM "recipes"[0m
  ↳ app/controllers/recipes_controller.rb:5:in `index'
Completed 200 OK in 6ms (Views: 3.2ms | ActiveRecord: 2.4ms | Allocations: 905)


Started GET "/recipes" for ::1 at 2023-05-18 19:41:02 -0700
Processing by RecipesController#index as */*
  [1m[36mRecipe Load (0.3ms)[0m  [1m[34mSELECT "recipes".* FROM "recipes"[0m
  ↳ app/controllers/recipes_controller.rb:5:in `index'
Completed 200 OK in 10ms (Views: 7.6ms | ActiveRecord: 0.3ms | Allocations: 905)


Started GET "/recipes" for ::1 at 2023-05-18 19:41:02 -0700
Processing by RecipesController#index as */*
  [1m[36mRecipe Load (1.4ms)[0m  [1m[34mSELECT "recipes".* FROM "recipes"[0m
  ↳ app/controllers/recipes_controller.rb:5:in `index'
Completed 200 OK in 7ms (Views: 4.9ms | ActiveRecord: 1.4ms | Allocations: 905)


Started GET "/recipes" for ::1 at 2023-05-18 19:42:34 -0700
Processing by RecipesController#index as */*
  [1m[36mRecipe Load (22.7ms)[0m  [1m[34mSELECT "recipes".* FROM "recipes"[0m
  ↳ app/controllers/recipes_controller.rb:5:in `index'
Completed 200 OK in 84ms (Views: 54.3ms | ActiveRecord: 22.7ms | Allocations: 905)


Started GET "/recipes" for ::1 at 2023-05-18 19:42:34 -0700
Processing by RecipesController#index as */*
  [1m[36mRecipe Load (4.5ms)[0m  [1m[34mSELECT "recipes".* FROM "recipes"[0m
  ↳ app/controllers/recipes_controller.rb:5:in `index'
Completed 200 OK in 82ms (Views: 74.8ms | ActiveRecord: 4.5ms | Allocations: 905)


Started GET "/recipes" for ::1 at 2023-05-18 19:58:42 -0700
Processing by RecipesController#index as */*
  [1m[36mRecipe Load (43.3ms)[0m  [1m[34mSELECT "recipes".* FROM "recipes"[0m
  ↳ app/controllers/recipes_controller.rb:5:in `index'
Completed 200 OK in 577ms (Views: 566.2ms | ActiveRecord: 214.9ms | Allocations: 3968)


Started GET "/recipes" for ::1 at 2023-05-18 19:58:43 -0700
Processing by RecipesController#index as */*
  [1m[36mRecipe Load (1.0ms)[0m  [1m[34mSELECT "recipes".* FROM "recipes"[0m
  ↳ app/controllers/recipes_controller.rb:5:in `index'
Completed 200 OK in 17ms (Views: 11.6ms | ActiveRecord: 1.0ms | Allocations: 905)


Started GET "/recipes" for ::1 at 2023-05-18 20:01:39 -0700
Processing by RecipesController#index as */*
  [1m[36mRecipe Load (3.4ms)[0m  [1m[34mSELECT "recipes".* FROM "recipes"[0m
  ↳ app/controllers/recipes_controller.rb:5:in `index'
Completed 200 OK in 83ms (Views: 71.6ms | ActiveRecord: 3.4ms | Allocations: 905)


Started GET "/recipes" for ::1 at 2023-05-18 20:01:39 -0700
Processing by RecipesController#index as */*
  [1m[36mRecipe Load (0.8ms)[0m  [1m[34mSELECT "recipes".* FROM "recipes"[0m
  ↳ app/controllers/recipes_controller.rb:5:in `index'
Completed 200 OK in 68ms (Views: 65.0ms | ActiveRecord: 0.8ms | Allocations: 905)


Started GET "/recipes" for ::1 at 2023-05-18 20:01:48 -0700
Processing by RecipesController#index as */*
  [1m[36mRecipe Load (0.4ms)[0m  [1m[34mSELECT "recipes".* FROM "recipes"[0m
  ↳ app/controllers/recipes_controller.rb:5:in `index'
Completed 200 OK in 9ms (Views: 8.0ms | ActiveRecord: 0.4ms | Allocations: 905)


Started GET "/recipes" for ::1 at 2023-05-18 20:01:48 -0700
Processing by RecipesController#index as */*
  [1m[36mRecipe Load (0.6ms)[0m  [1m[34mSELECT "recipes".* FROM "recipes"[0m
  ↳ app/controllers/recipes_controller.rb:5:in `index'
Completed 200 OK in 26ms (Views: 24.7ms | ActiveRecord: 0.6ms | Allocations: 905)


Started GET "/recipes" for ::1 at 2023-05-18 20:08:05 -0700
Processing by RecipesController#index as */*
  [1m[36mRecipe Load (1.3ms)[0m  [1m[34mSELECT "recipes".* FROM "recipes"[0m
  ↳ app/controllers/recipes_controller.rb:5:in `index'
Completed 200 OK in 163ms (Views: 156.7ms | ActiveRecord: 21.2ms | Allocations: 3898)


Started GET "/recipes" for ::1 at 2023-05-18 20:08:05 -0700
Processing by RecipesController#index as */*
  [1m[36mRecipe Load (0.6ms)[0m  [1m[34mSELECT "recipes".* FROM "recipes"[0m
  ↳ app/controllers/recipes_controller.rb:5:in `index'
Completed 200 OK in 12ms (Views: 9.2ms | ActiveRecord: 0.6ms | Allocations: 905)


Started GET "/recipes" for ::1 at 2023-05-18 20:11:34 -0700
Processing by RecipesController#index as */*
  [1m[36mRecipe Load (2.4ms)[0m  [1m[34mSELECT "recipes".* FROM "recipes"[0m
  ↳ app/controllers/recipes_controller.rb:5:in `index'
Completed 200 OK in 50ms (Views: 41.8ms | ActiveRecord: 2.4ms | Allocations: 905)


Started GET "/recipes" for ::1 at 2023-05-18 20:11:34 -0700
Processing by RecipesController#index as */*
  [1m[36mRecipe Load (0.5ms)[0m  [1m[34mSELECT "recipes".* FROM "recipes"[0m
  ↳ app/controllers/recipes_controller.rb:5:in `index'
Completed 200 OK in 13ms (Views: 10.8ms | ActiveRecord: 0.5ms | Allocations: 905)


Started GET "/recipes" for ::1 at 2023-05-18 20:18:03 -0700
Processing by RecipesController#index as */*
  [1m[36mRecipe Load (0.8ms)[0m  [1m[34mSELECT "recipes".* FROM "recipes"[0m
  ↳ app/controllers/recipes_controller.rb:5:in `index'
Completed 200 OK in 377ms (Views: 371.0ms | ActiveRecord: 229.4ms | Allocations: 3898)


Started GET "/recipes" for ::1 at 2023-05-18 20:18:03 -0700
Processing by RecipesController#index as */*
  [1m[36mRecipe Load (0.3ms)[0m  [1m[34mSELECT "recipes".* FROM "recipes"[0m
  ↳ app/controllers/recipes_controller.rb:5:in `index'
Completed 200 OK in 29ms (Views: 27.9ms | ActiveRecord: 0.3ms | Allocations: 905)


Started GET "/recipes" for ::1 at 2023-05-18 20:18:05 -0700
Processing by RecipesController#index as */*
  [1m[36mRecipe Load (0.4ms)[0m  [1m[34mSELECT "recipes".* FROM "recipes"[0m
  ↳ app/controllers/recipes_controller.rb:5:in `index'
Completed 200 OK in 24ms (Views: 21.9ms | ActiveRecord: 0.4ms | Allocations: 905)


Started GET "/recipes" for ::1 at 2023-05-18 20:18:05 -0700
Processing by RecipesController#index as */*
  [1m[36mRecipe Load (0.4ms)[0m  [1m[34mSELECT "recipes".* FROM "recipes"[0m
  ↳ app/controllers/recipes_controller.rb:5:in `index'
Completed 200 OK in 8ms (Views: 6.4ms | ActiveRecord: 0.4ms | Allocations: 905)


Started GET "/recipes" for ::1 at 2023-05-18 20:20:12 -0700
Processing by RecipesController#index as */*
  [1m[36mRecipe Load (26.9ms)[0m  [1m[34mSELECT "recipes".* FROM "recipes"[0m
  ↳ app/controllers/recipes_controller.rb:5:in `index'
Completed 200 OK in 41ms (Views: 11.9ms | ActiveRecord: 26.9ms | Allocations: 905)


Started GET "/recipes" for ::1 at 2023-05-18 20:20:12 -0700
Processing by RecipesController#index as */*
  [1m[36mRecipe Load (0.7ms)[0m  [1m[34mSELECT "recipes".* FROM "recipes"[0m
  ↳ app/controllers/recipes_controller.rb:5:in `index'
Completed 200 OK in 41ms (Views: 37.6ms | ActiveRecord: 0.7ms | Allocations: 905)


Started GET "/recipes" for ::1 at 2023-05-18 20:22:12 -0700
Processing by RecipesController#index as */*
  [1m[36mRecipe Load (1.9ms)[0m  [1m[34mSELECT "recipes".* FROM "recipes"[0m
  ↳ app/controllers/recipes_controller.rb:5:in `index'
Completed 200 OK in 61ms (Views: 48.6ms | ActiveRecord: 1.9ms | Allocations: 905)


Started GET "/recipes" for ::1 at 2023-05-18 20:22:12 -0700
Processing by RecipesController#index as */*
  [1m[36mRecipe Load (0.9ms)[0m  [1m[34mSELECT "recipes".* FROM "recipes"[0m
  ↳ app/controllers/recipes_controller.rb:5:in `index'
Completed 200 OK in 17ms (Views: 13.4ms | ActiveRecord: 0.9ms | Allocations: 906)


Started GET "/recipes" for ::1 at 2023-05-18 20:27:00 -0700
Processing by RecipesController#index as */*
  [1m[36mRecipe Load (1.0ms)[0m  [1m[34mSELECT "recipes".* FROM "recipes"[0m
  ↳ app/controllers/recipes_controller.rb:5:in `index'
Completed 200 OK in 62ms (Views: 54.9ms | ActiveRecord: 1.0ms | Allocations: 905)


Started GET "/recipes" for ::1 at 2023-05-18 20:27:00 -0700
Processing by RecipesController#index as */*
  [1m[36mRecipe Load (1.5ms)[0m  [1m[34mSELECT "recipes".* FROM "recipes"[0m
  ↳ app/controllers/recipes_controller.rb:5:in `index'
Completed 200 OK in 10ms (Views: 7.7ms | ActiveRecord: 1.5ms | Allocations: 905)


Started GET "/recipes" for ::1 at 2023-05-18 20:27:15 -0700
Processing by RecipesController#index as */*
  [1m[36mRecipe Load (1.6ms)[0m  [1m[34mSELECT "recipes".* FROM "recipes"[0m
  ↳ app/controllers/recipes_controller.rb:5:in `index'
Completed 200 OK in 9ms (Views: 5.7ms | ActiveRecord: 1.6ms | Allocations: 905)


Started GET "/recipes" for ::1 at 2023-05-18 20:27:15 -0700
Processing by RecipesController#index as */*
  [1m[36mRecipe Load (0.5ms)[0m  [1m[34mSELECT "recipes".* FROM "recipes"[0m
  ↳ app/controllers/recipes_controller.rb:5:in `index'
Completed 200 OK in 16ms (Views: 13.8ms | ActiveRecord: 0.5ms | Allocations: 905)


Started GET "/recipes" for ::1 at 2023-05-18 20:33:43 -0700
Processing by RecipesController#index as */*
  [1m[36mRecipe Load (0.8ms)[0m  [1m[34mSELECT "recipes".* FROM "recipes"[0m
  ↳ app/controllers/recipes_controller.rb:5:in `index'
Completed 200 OK in 132ms (Views: 126.2ms | ActiveRecord: 46.8ms | Allocations: 3898)


Started GET "/recipes" for ::1 at 2023-05-18 20:33:43 -0700
Processing by RecipesController#index as */*
  [1m[36mRecipe Load (0.4ms)[0m  [1m[34mSELECT "recipes".* FROM "recipes"[0m
  ↳ app/controllers/recipes_controller.rb:5:in `index'
Completed 200 OK in 19ms (Views: 17.6ms | ActiveRecord: 0.4ms | Allocations: 905)


Started GET "/recipes" for ::1 at 2023-05-18 20:34:21 -0700
Processing by RecipesController#index as */*
  [1m[36mRecipe Load (1.1ms)[0m  [1m[34mSELECT "recipes".* FROM "recipes"[0m
  ↳ app/controllers/recipes_controller.rb:5:in `index'
Completed 200 OK in 10ms (Views: 7.9ms | ActiveRecord: 1.1ms | Allocations: 905)


Started GET "/recipes" for ::1 at 2023-05-18 20:34:21 -0700
Processing by RecipesController#index as */*
  [1m[36mRecipe Load (2.7ms)[0m  [1m[34mSELECT "recipes".* FROM "recipes"[0m
  ↳ app/controllers/recipes_controller.rb:5:in `index'
Completed 200 OK in 45ms (Views: 40.3ms | ActiveRecord: 2.7ms | Allocations: 905)


Started GET "/recipes" for ::1 at 2023-05-18 20:38:38 -0700
Processing by RecipesController#index as */*
  [1m[36mRecipe Load (0.6ms)[0m  [1m[34mSELECT "recipes".* FROM "recipes"[0m
  ↳ app/controllers/recipes_controller.rb:5:in `index'
Completed 200 OK in 23ms (Views: 20.9ms | ActiveRecord: 0.6ms | Allocations: 906)


Started GET "/recipes" for ::1 at 2023-05-18 20:38:38 -0700
Processing by RecipesController#index as */*
  [1m[36mRecipe Load (11.1ms)[0m  [1m[34mSELECT "recipes".* FROM "recipes"[0m
  ↳ app/controllers/recipes_controller.rb:5:in `index'
Completed 200 OK in 25ms (Views: 12.7ms | ActiveRecord: 11.1ms | Allocations: 905)


Started GET "/recipes" for ::1 at 2023-05-18 20:49:42 -0700
  [1m[36mActiveRecord::SchemaMigration Pluck (46.1ms)[0m  [1m[34mSELECT "schema_migrations"."version" FROM "schema_migrations" ORDER BY "schema_migrations"."version" ASC[0m
Processing by RecipesController#index as */*
  [1m[36mRecipe Load (18.1ms)[0m  [1m[34mSELECT "recipes".* FROM "recipes"[0m
  ↳ app/controllers/recipes_controller.rb:5:in `index'
Completed 200 OK in 92ms (Views: 27.5ms | ActiveRecord: 36.4ms | Allocations: 10407)


Started GET "/recipes" for ::1 at 2023-05-18 20:49:43 -0700
Processing by RecipesController#index as */*
  [1m[36mRecipe Load (3.3ms)[0m  [1m[34mSELECT "recipes".* FROM "recipes"[0m
  ↳ app/controllers/recipes_controller.rb:5:in `index'
Completed 200 OK in 30ms (Views: 24.8ms | ActiveRecord: 3.3ms | Allocations: 906)


Started GET "/recipes" for ::1 at 2023-05-18 20:52:35 -0700
Processing by RecipesController#index as */*
  [1m[36mRecipe Load (1.1ms)[0m  [1m[34mSELECT "recipes".* FROM "recipes"[0m
  ↳ app/controllers/recipes_controller.rb:5:in `index'
Completed 200 OK in 63ms (Views: 56.0ms | ActiveRecord: 1.1ms | Allocations: 916)


Started GET "/recipes" for ::1 at 2023-05-18 20:52:36 -0700
Processing by RecipesController#index as */*
  [1m[36mRecipe Load (0.3ms)[0m  [1m[34mSELECT "recipes".* FROM "recipes"[0m
  ↳ app/controllers/recipes_controller.rb:5:in `index'
Completed 200 OK in 10ms (Views: 8.6ms | ActiveRecord: 0.3ms | Allocations: 905)


Started GET "/recipes" for ::1 at 2023-05-18 20:54:28 -0700
Processing by RecipesController#index as */*
  [1m[36mRecipe Load (28.8ms)[0m  [1m[34mSELECT "recipes".* FROM "recipes"[0m
  ↳ app/controllers/recipes_controller.rb:5:in `index'
Completed 200 OK in 91ms (Views: 53.8ms | ActiveRecord: 28.8ms | Allocations: 916)


Started GET "/recipes" for ::1 at 2023-05-18 20:54:35 -0700
Processing by RecipesController#index as */*
  [1m[36mRecipe Load (1.1ms)[0m  [1m[34mSELECT "recipes".* FROM "recipes"[0m
  ↳ app/controllers/recipes_controller.rb:5:in `index'
Completed 200 OK in 14ms (Views: 10.8ms | ActiveRecord: 1.1ms | Allocations: 916)


Started GET "/recipes" for ::1 at 2023-05-18 20:59:56 -0700
Processing by RecipesController#index as */*
  [1m[36mRecipe Load (1.8ms)[0m  [1m[34mSELECT "recipes".* FROM "recipes"[0m
  ↳ app/controllers/recipes_controller.rb:5:in `index'
Completed 200 OK in 52ms (Views: 43.6ms | ActiveRecord: 1.8ms | Allocations: 916)


Started GET "/recipes" for ::1 at 2023-05-18 21:05:43 -0700
Processing by RecipesController#index as */*
  [1m[36mRecipe Load (2.7ms)[0m  [1m[34mSELECT "recipes".* FROM "recipes"[0m
  ↳ app/controllers/recipes_controller.rb:5:in `index'
Completed 200 OK in 287ms (Views: 274.2ms | ActiveRecord: 82.4ms | Allocations: 3914)


Started GET "/recipes" for ::1 at 2023-05-18 21:05:43 -0700
Processing by RecipesController#index as */*
  [1m[36mRecipe Load (0.5ms)[0m  [1m[34mSELECT "recipes".* FROM "recipes"[0m
  ↳ app/controllers/recipes_controller.rb:5:in `index'
Completed 200 OK in 24ms (Views: 21.4ms | ActiveRecord: 0.5ms | Allocations: 905)


Started GET "/recipes" for ::1 at 2023-05-18 21:06:29 -0700
Processing by RecipesController#index as */*
  [1m[36mRecipe Load (1.7ms)[0m  [1m[34mSELECT "recipes".* FROM "recipes"[0m
  ↳ app/controllers/recipes_controller.rb:5:in `index'
Completed 200 OK in 20ms (Views: 15.3ms | ActiveRecord: 1.7ms | Allocations: 905)


Started GET "/recipes" for ::1 at 2023-05-18 21:06:29 -0700
Processing by RecipesController#index as */*
  [1m[36mRecipe Load (49.7ms)[0m  [1m[34mSELECT "recipes".* FROM "recipes"[0m
  ↳ app/controllers/recipes_controller.rb:5:in `index'
Completed 200 OK in 100ms (Views: 43.1ms | ActiveRecord: 49.7ms | Allocations: 905)


Started GET "/recipes" for ::1 at 2023-05-18 21:15:26 -0700
Processing by RecipesController#index as */*
  [1m[36mRecipe Load (1.3ms)[0m  [1m[34mSELECT "recipes".* FROM "recipes"[0m
  ↳ app/controllers/recipes_controller.rb:5:in `index'
Completed 200 OK in 123ms (Views: 121.3ms | ActiveRecord: 74.4ms | Allocations: 3927)


Started GET "/recipes" for ::1 at 2023-05-18 21:15:27 -0700
Processing by RecipesController#index as */*
  [1m[36mRecipe Load (0.4ms)[0m  [1m[34mSELECT "recipes".* FROM "recipes"[0m
  ↳ app/controllers/recipes_controller.rb:5:in `index'
Completed 200 OK in 9ms (Views: 6.7ms | ActiveRecord: 0.4ms | Allocations: 905)


Started GET "/recipes" for ::1 at 2023-05-18 21:20:05 -0700
Processing by RecipesController#index as */*
  [1m[36mRecipe Load (4.5ms)[0m  [1m[34mSELECT "recipes".* FROM "recipes"[0m
  ↳ app/controllers/recipes_controller.rb:5:in `index'
Completed 200 OK in 98ms (Views: 79.1ms | ActiveRecord: 4.5ms | Allocations: 905)


Started GET "/recipes" for ::1 at 2023-05-18 21:20:05 -0700
Processing by RecipesController#index as */*
  [1m[36mRecipe Load (1.1ms)[0m  [1m[34mSELECT "recipes".* FROM "recipes"[0m
  ↳ app/controllers/recipes_controller.rb:5:in `index'
Completed 200 OK in 18ms (Views: 11.2ms | ActiveRecord: 1.1ms | Allocations: 905)


Started GET "/recipes" for ::1 at 2023-05-18 21:48:12 -0700
  [1m[36mActiveRecord::SchemaMigration Pluck (2.0ms)[0m  [1m[34mSELECT "schema_migrations"."version" FROM "schema_migrations" ORDER BY "schema_migrations"."version" ASC[0m
Processing by RecipesController#index as */*
  [1m[36mRecipe Load (3.9ms)[0m  [1m[34mSELECT "recipes".* FROM "recipes"[0m
  ↳ app/controllers/recipes_controller.rb:5:in `index'
Completed 200 OK in 133ms (Views: 54.2ms | ActiveRecord: 52.8ms | Allocations: 10407)


Started GET "/recipes" for ::1 at 2023-05-18 21:48:13 -0700
Processing by RecipesController#index as */*
  [1m[36mRecipe Load (0.7ms)[0m  [1m[34mSELECT "recipes".* FROM "recipes"[0m
  ↳ app/controllers/recipes_controller.rb:5:in `index'
Completed 200 OK in 8ms (Views: 5.5ms | ActiveRecord: 0.7ms | Allocations: 906)


Started GET "/recipes" for ::1 at 2023-05-18 21:48:35 -0700
Processing by RecipesController#index as */*
  [1m[36mRecipe Load (1.6ms)[0m  [1m[34mSELECT "recipes".* FROM "recipes"[0m
  ↳ app/controllers/recipes_controller.rb:5:in `index'
Completed 200 OK in 41ms (Views: 36.3ms | ActiveRecord: 1.6ms | Allocations: 916)


Started GET "/recipes" for ::1 at 2023-05-18 21:48:35 -0700
Processing by RecipesController#index as */*
  [1m[36mRecipe Load (0.9ms)[0m  [1m[34mSELECT "recipes".* FROM "recipes"[0m
  ↳ app/controllers/recipes_controller.rb:5:in `index'
Completed 200 OK in 147ms (Views: 144.8ms | ActiveRecord: 0.9ms | Allocations: 909)


Started GET "/recipes" for ::1 at 2023-05-18 21:53:20 -0700
Processing by RecipesController#index as */*
  [1m[36mRecipe Load (4.6ms)[0m  [1m[34mSELECT "recipes".* FROM "recipes"[0m
  ↳ app/controllers/recipes_controller.rb:5:in `index'
Completed 200 OK in 243ms (Views: 227.1ms | ActiveRecord: 4.6ms | Allocations: 916)


Started GET "/recipes" for ::1 at 2023-05-18 21:53:21 -0700
Processing by RecipesController#index as */*
  [1m[36mRecipe Load (2.3ms)[0m  [1m[34mSELECT "recipes".* FROM "recipes"[0m
  ↳ app/controllers/recipes_controller.rb:5:in `index'
Completed 200 OK in 17ms (Views: 11.3ms | ActiveRecord: 2.3ms | Allocations: 905)


Started GET "/recipes" for ::1 at 2023-05-19 09:28:09 -0700
  [1m[36mActiveRecord::SchemaMigration Pluck (2.1ms)[0m  [1m[34mSELECT "schema_migrations"."version" FROM "schema_migrations" ORDER BY "schema_migrations"."version" ASC[0m
Processing by RecipesController#index as */*
  [1m[36mRecipe Load (8.4ms)[0m  [1m[34mSELECT "recipes".* FROM "recipes"[0m
  ↳ app/controllers/recipes_controller.rb:5:in `index'
Completed 200 OK in 114ms (Views: 36.8ms | ActiveRecord: 54.6ms | Allocations: 10407)


Started GET "/recipes" for ::1 at 2023-05-19 09:28:09 -0700
Processing by RecipesController#index as */*
  [1m[36mRecipe Load (25.9ms)[0m  [1m[34mSELECT "recipes".* FROM "recipes"[0m
  ↳ app/controllers/recipes_controller.rb:5:in `index'
Completed 200 OK in 33ms (Views: 5.3ms | ActiveRecord: 25.9ms | Allocations: 906)


Started GET "/recipes" for ::1 at 2023-05-19 09:28:27 -0700
Processing by RecipesController#index as */*
  [1m[36mRecipe Load (0.7ms)[0m  [1m[34mSELECT "recipes".* FROM "recipes"[0m
  ↳ app/controllers/recipes_controller.rb:5:in `index'
Completed 200 OK in 18ms (Views: 13.8ms | ActiveRecord: 0.7ms | Allocations: 916)


Started GET "/recipes" for ::1 at 2023-05-19 09:28:27 -0700
Processing by RecipesController#index as */*
  [1m[36mRecipe Load (31.2ms)[0m  [1m[34mSELECT "recipes".* FROM "recipes"[0m
  ↳ app/controllers/recipes_controller.rb:5:in `index'
Completed 200 OK in 42ms (Views: 7.9ms | ActiveRecord: 31.2ms | Allocations: 905)


Started GET "/recipes" for ::1 at 2023-05-19 09:31:07 -0700
Processing by RecipesController#index as */*
  [1m[36mRecipe Load (595.7ms)[0m  [1m[34mSELECT "recipes".* FROM "recipes"[0m
  ↳ app/controllers/recipes_controller.rb:5:in `index'
Completed 200 OK in 1423ms (Views: 550.1ms | ActiveRecord: 595.7ms | Allocations: 921)


Started GET "/recipes" for ::1 at 2023-05-19 09:31:09 -0700
Processing by RecipesController#index as */*
  [1m[36mRecipe Load (32.9ms)[0m  [1m[34mSELECT "recipes".* FROM "recipes"[0m
  ↳ app/controllers/recipes_controller.rb:5:in `index'
Completed 200 OK in 199ms (Views: 68.9ms | ActiveRecord: 32.9ms | Allocations: 905)


Started GET "/recipes" for ::1 at 2023-05-19 09:35:20 -0700
Processing by RecipesController#index as */*
  [1m[36mRecipe Load (400.0ms)[0m  [1m[34mSELECT "recipes".* FROM "recipes"[0m
  ↳ app/controllers/recipes_controller.rb:5:in `index'
Completed 200 OK in 544ms (Views: 122.9ms | ActiveRecord: 400.0ms | Allocations: 917)


Started GET "/recipes" for ::1 at 2023-05-19 09:35:21 -0700
Processing by RecipesController#index as */*
  [1m[36mRecipe Load (1.7ms)[0m  [1m[34mSELECT "recipes".* FROM "recipes"[0m
  ↳ app/controllers/recipes_controller.rb:5:in `index'
Completed 200 OK in 42ms (Views: 27.9ms | ActiveRecord: 1.7ms | Allocations: 905)


Started GET "/recipes" for ::1 at 2023-05-19 09:36:36 -0700
Processing by RecipesController#index as */*
  [1m[36mRecipe Load (4.4ms)[0m  [1m[34mSELECT "recipes".* FROM "recipes"[0m
  ↳ app/controllers/recipes_controller.rb:5:in `index'
Completed 200 OK in 54ms (Views: 46.4ms | ActiveRecord: 4.4ms | Allocations: 916)


Started GET "/recipes" for ::1 at 2023-05-19 09:36:36 -0700
Processing by RecipesController#index as */*
  [1m[36mRecipe Load (27.8ms)[0m  [1m[34mSELECT "recipes".* FROM "recipes"[0m
  ↳ app/controllers/recipes_controller.rb:5:in `index'
Completed 200 OK in 39ms (Views: 8.7ms | ActiveRecord: 27.8ms | Allocations: 905)


Started GET "/recipes" for ::1 at 2023-05-19 12:54:46 -0700
  [1m[36mActiveRecord::SchemaMigration Pluck (2.3ms)[0m  [1m[34mSELECT "schema_migrations"."version" FROM "schema_migrations" ORDER BY "schema_migrations"."version" ASC[0m
Processing by RecipesController#index as */*
  [1m[36mRecipe Load (2.3ms)[0m  [1m[34mSELECT "recipes".* FROM "recipes"[0m
  ↳ app/controllers/recipes_controller.rb:5:in `index'
Completed 200 OK in 91ms (Views: 29.0ms | ActiveRecord: 44.2ms | Allocations: 10413)


Started GET "/recipes" for ::1 at 2023-05-19 12:54:47 -0700
Processing by RecipesController#index as */*
  [1m[36mRecipe Load (0.5ms)[0m  [1m[34mSELECT "recipes".* FROM "recipes"[0m
  ↳ app/controllers/recipes_controller.rb:5:in `index'
Completed 200 OK in 5ms (Views: 3.7ms | ActiveRecord: 0.5ms | Allocations: 906)


Started GET "/recipes" for ::1 at 2023-05-19 12:57:51 -0700
Processing by RecipesController#index as */*
  [1m[36mRecipe Load (5.2ms)[0m  [1m[34mSELECT "recipes".* FROM "recipes"[0m
  ↳ app/controllers/recipes_controller.rb:5:in `index'
Completed 200 OK in 87ms (Views: 67.1ms | ActiveRecord: 5.2ms | Allocations: 916)


Started GET "/recipes" for ::1 at 2023-05-19 12:57:51 -0700
Processing by RecipesController#index as */*
  [1m[36mRecipe Load (1.5ms)[0m  [1m[34mSELECT "recipes".* FROM "recipes"[0m
  ↳ app/controllers/recipes_controller.rb:5:in `index'
Completed 200 OK in 28ms (Views: 23.9ms | ActiveRecord: 1.5ms | Allocations: 905)


Started GET "/recipes" for ::1 at 2023-05-19 13:09:50 -0700
Processing by RecipesController#index as */*
  [1m[36mRecipe Load (31.3ms)[0m  [1m[34mSELECT "recipes".* FROM "recipes"[0m
  ↳ app/controllers/recipes_controller.rb:5:in `index'
Completed 200 OK in 518ms (Views: 495.9ms | ActiveRecord: 216.0ms | Allocations: 3924)


Started GET "/recipes" for ::1 at 2023-05-19 13:09:51 -0700
Processing by RecipesController#index as */*
  [1m[36mRecipe Load (11.3ms)[0m  [1m[34mSELECT "recipes".* FROM "recipes"[0m
  ↳ app/controllers/recipes_controller.rb:5:in `index'
Completed 200 OK in 130ms (Views: 114.5ms | ActiveRecord: 11.3ms | Allocations: 905)


Started GET "/recipes" for ::1 at 2023-05-19 13:09:57 -0700
Processing by RecipesController#index as */*
  [1m[36mRecipe Load (2.8ms)[0m  [1m[34mSELECT "recipes".* FROM "recipes"[0m
  ↳ app/controllers/recipes_controller.rb:5:in `index'
Completed 200 OK in 36ms (Views: 29.9ms | ActiveRecord: 2.8ms | Allocations: 916)


Started GET "/recipes" for ::1 at 2023-05-19 13:09:58 -0700
Processing by RecipesController#index as */*
  [1m[36mRecipe Load (5.7ms)[0m  [1m[34mSELECT "recipes".* FROM "recipes"[0m
  ↳ app/controllers/recipes_controller.rb:5:in `index'
Completed 200 OK in 46ms (Views: 36.8ms | ActiveRecord: 5.7ms | Allocations: 905)


Started GET "/recipes" for ::1 at 2023-05-19 13:11:23 -0700
Processing by RecipesController#index as */*
  [1m[36mRecipe Load (3.2ms)[0m  [1m[34mSELECT "recipes".* FROM "recipes"[0m
  ↳ app/controllers/recipes_controller.rb:5:in `index'
Completed 200 OK in 49ms (Views: 42.7ms | ActiveRecord: 3.2ms | Allocations: 916)


Started GET "/recipes" for ::1 at 2023-05-19 13:11:23 -0700
Processing by RecipesController#index as */*
  [1m[36mRecipe Load (1.4ms)[0m  [1m[34mSELECT "recipes".* FROM "recipes"[0m
  ↳ app/controllers/recipes_controller.rb:5:in `index'
Completed 200 OK in 56ms (Views: 50.9ms | ActiveRecord: 1.4ms | Allocations: 905)


Started GET "/recipes" for ::1 at 2023-05-19 13:13:29 -0700
Processing by RecipesController#index as */*
  [1m[36mRecipe Load (1.5ms)[0m  [1m[34mSELECT "recipes".* FROM "recipes"[0m
  ↳ app/controllers/recipes_controller.rb:5:in `index'
Completed 200 OK in 43ms (Views: 37.9ms | ActiveRecord: 1.5ms | Allocations: 905)


Started GET "/recipes" for ::1 at 2023-05-19 13:13:29 -0700
Processing by RecipesController#index as */*
  [1m[36mRecipe Load (3.6ms)[0m  [1m[34mSELECT "recipes".* FROM "recipes"[0m
  ↳ app/controllers/recipes_controller.rb:5:in `index'
Completed 200 OK in 20ms (Views: 14.4ms | ActiveRecord: 3.6ms | Allocations: 906)


  [1m[35m (0.4ms)[0m  [1m[34mSELECT pg_try_advisory_lock(3464250698455154685)[0m
  [1m[36mActiveRecord::SchemaMigration Pluck (1.4ms)[0m  [1m[34mSELECT "schema_migrations"."version" FROM "schema_migrations" ORDER BY "schema_migrations"."version" ASC[0m
Migrating to CreateJwtDenylists (20230519210111)
  [1m[36mTRANSACTION (20.1ms)[0m  [1m[35mBEGIN[0m
  [1m[35m (64.2ms)[0m  [1m[35mCREATE TABLE "jwt_denylists" ("id" bigserial primary key, "created_at" timestamp(6) NOT NULL, "updated_at" timestamp(6) NOT NULL)[0m
  [1m[36mActiveRecord::SchemaMigration Create (28.8ms)[0m  [1m[32mINSERT INTO "schema_migrations" ("version") VALUES ($1) RETURNING "version"[0m  [["version", "20230519210111"]]
  [1m[36mTRANSACTION (12.4ms)[0m  [1m[35mCOMMIT[0m
  [1m[36mActiveRecord::InternalMetadata Load (0.7ms)[0m  [1m[34mSELECT "ar_internal_metadata".* FROM "ar_internal_metadata" WHERE "ar_internal_metadata"."key" = $1 LIMIT $2[0m  [["key", "environment"], ["LIMIT", 1]]
  [1m[35m (0.5ms)[0m  [1m[34mSELECT pg_advisory_unlock(3464250698455154685)[0m
  [1m[36mActiveRecord::SchemaMigration Pluck (1.2ms)[0m  [1m[34mSELECT "schema_migrations"."version" FROM "schema_migrations" ORDER BY "schema_migrations"."version" ASC[0m
